[2024-12-05T12:35:59.765+0000] {local_task_job_runner.py:123} INFO - ::group::Pre task execution logs
[2024-12-05T12:35:59.784+0000] {taskinstance.py:2612} INFO - Dependencies all met for dep_context=non-requeueable deps ti=<TaskInstance: article_summarization_dag.process_article manual__2024-12-05T12:34:22.426801+00:00 [queued]>
[2024-12-05T12:35:59.795+0000] {taskinstance.py:2612} INFO - Dependencies all met for dep_context=requeueable deps ti=<TaskInstance: article_summarization_dag.process_article manual__2024-12-05T12:34:22.426801+00:00 [queued]>
[2024-12-05T12:35:59.796+0000] {taskinstance.py:2865} INFO - Starting attempt 1 of 1
[2024-12-05T12:35:59.807+0000] {taskinstance.py:2888} INFO - Executing <Task(PythonOperator): process_article> on 2024-12-05 12:34:22.426801+00:00
[2024-12-05T12:35:59.820+0000] {standard_task_runner.py:104} INFO - Running: ['***', 'tasks', 'run', 'article_summarization_dag', 'process_article', 'manual__2024-12-05T12:34:22.426801+00:00', '--job-id', '24', '--raw', '--subdir', 'DAGS_FOLDER/text_summarizatin.py', '--cfg-path', '/tmp/tmpepsm5rlz']
[2024-12-05T12:35:59.822+0000] {standard_task_runner.py:105} INFO - Job 24: Subtask process_article
[2024-12-05T12:35:59.825+0000] {logging_mixin.py:190} WARNING - /home/***/.local/lib/python3.12/site-packages/***/task/task_runner/standard_task_runner.py:70 DeprecationWarning: This process (pid=8099) is multi-threaded, use of fork() may lead to deadlocks in the child.
[2024-12-05T12:35:59.825+0000] {standard_task_runner.py:72} INFO - Started process 8150 to run task
[2024-12-05T12:35:59.872+0000] {task_command.py:467} INFO - Running <TaskInstance: article_summarization_dag.process_article manual__2024-12-05T12:34:22.426801+00:00 [running]> on host 76b7591512d5
[2024-12-05T12:35:59.955+0000] {taskinstance.py:3131} INFO - Exporting env vars: AIRFLOW_CTX_DAG_OWNER='***' AIRFLOW_CTX_DAG_ID='article_summarization_dag' AIRFLOW_CTX_TASK_ID='process_article' AIRFLOW_CTX_EXECUTION_DATE='2024-12-05T12:34:22.426801+00:00' AIRFLOW_CTX_TRY_NUMBER='1' AIRFLOW_CTX_DAG_RUN_ID='manual__2024-12-05T12:34:22.426801+00:00'
[2024-12-05T12:35:59.957+0000] {logging_mixin.py:190} INFO - Task instance is in running state
[2024-12-05T12:35:59.957+0000] {logging_mixin.py:190} INFO -  Previous state of the Task instance: queued
[2024-12-05T12:35:59.957+0000] {logging_mixin.py:190} INFO - Current task name:process_article state:running start_date:2024-12-05 12:35:59.784991+00:00
[2024-12-05T12:35:59.958+0000] {logging_mixin.py:190} INFO - Dag name:article_summarization_dag and current dag run status:running
[2024-12-05T12:35:59.958+0000] {taskinstance.py:731} INFO - ::endgroup::
[2024-12-05T12:36:00.976+0000] {logging_mixin.py:190} INFO - Data saved to /opt/***/dags/original_text.txt
[2024-12-05T12:36:00.977+0000] {logging_mixin.py:190} INFO - Data saved to /opt/***/dags/summary_text.txt
[2024-12-05T12:36:00.978+0000] {logging_mixin.py:190} INFO - Data saved to /opt/***/dags/combined_text.txt
[2024-12-05T12:36:00.978+0000] {python.py:240} INFO - Done. Returned value was: None
[2024-12-05T12:36:00.992+0000] {taskinstance.py:340} INFO - ::group::Post task execution logs
[2024-12-05T12:36:00.993+0000] {taskinstance.py:352} INFO - Marking task as SUCCESS. dag_id=article_summarization_dag, task_id=process_article, run_id=manual__2024-12-05T12:34:22.426801+00:00, execution_date=20241205T123422, start_date=20241205T123559, end_date=20241205T123600
[2024-12-05T12:36:01.010+0000] {logging_mixin.py:190} INFO - Task instance in success state
[2024-12-05T12:36:01.011+0000] {logging_mixin.py:190} INFO -  Previous state of the Task instance: running
[2024-12-05T12:36:01.011+0000] {logging_mixin.py:190} INFO - Dag name:article_summarization_dag queued_at:2024-12-05 12:34:22.491458+00:00
[2024-12-05T12:36:01.012+0000] {logging_mixin.py:190} INFO - Task hostname:76b7591512d5 operator:PythonOperator
[2024-12-05T12:36:01.055+0000] {local_task_job_runner.py:266} INFO - Task exited with return code 0
[2024-12-05T12:36:01.082+0000] {taskinstance.py:3900} INFO - 0 downstream tasks scheduled from follow-on schedule check
[2024-12-05T12:36:01.083+0000] {local_task_job_runner.py:245} INFO - ::endgroup::
